<?xml version="1.0" encoding="UTF-8"?>
<!-- Generated by org.testng.reporters.JUnitReportReporter -->
<testsuite hostname="Bredlin" failures="0" tests="1" name="com.approveleave.RecommenedApplicationTest" time="5.826" errors="0" timestamp="2022-08-16T13:24:22 IST" skipped="0">
  <testcase classname="com.approveleave.RecommenedApplicationTest" name="approveLeaveTest" time="5.826"/>
  <system-out/>
</testsuite> <!-- com.approveleave.RecommenedApplicationTest -->
