<?xml version="1.0" encoding="UTF-8"?>
<!-- Generated by org.testng.reporters.JUnitReportReporter -->
<testsuite hostname="Bredlin" failures="0" tests="1" name="com.approveleave.ApplicationTest" time="5.473" errors="0" timestamp="2022-08-23T15:54:32 IST" skipped="0">
  <testcase classname="com.approveleave.ApplicationTest" name="approveLeaveTest" time="5.473"/>
  <system-out/>
</testsuite> <!-- com.approveleave.ApplicationTest -->
