<?xml version="1.0" encoding="UTF-8"?>
<!-- Generated by org.testng.reporters.JUnitReportReporter -->
<testsuite hostname="Bredlin" failures="0" tests="1" name="com.onlineleavemanagement.HomePageTest" time="9.940" errors="0" timestamp="2022-08-23T15:55:12 IST" skipped="0">
  <testcase classname="com.onlineleavemanagement.HomePageTest" name="applyLeave" time="9.940"/>
  <system-out/>
</testsuite> <!-- com.onlineleavemanagement.HomePageTest -->
