<?xml version="1.0" encoding="UTF-8"?>
<!-- Generated by org.testng.reporters.JUnitReportReporter -->
<testsuite hostname="Bredlin" failures="0" tests="1" name="com.userprofile.UserProfile" time="10.196" errors="0" timestamp="2022-08-16T15:11:43 IST" skipped="0">
  <testcase classname="com.userprofile.UserProfile" name="verifyUserProfile" time="10.196"/>
  <system-out/>
</testsuite> <!-- com.userprofile.UserProfile -->
