<?xml version="1.0" encoding="UTF-8"?>
<!-- Generated by org.testng.reporters.JUnitReportReporter -->
<testsuite hostname="Bredlin" failures="0" tests="1" name="com.userprofile.UserProfileTest" time="9.420" errors="0" timestamp="2022-08-23T15:53:51 IST" skipped="0">
  <testcase classname="com.userprofile.UserProfileTest" name="verifyUserProfileTest" time="9.420"/>
  <system-out/>
</testsuite> <!-- com.userprofile.UserProfileTest -->
