<?xml version="1.0" encoding="UTF-8"?>
<!-- Generated by org.testng.reporters.JUnitReportReporter -->
<testsuite hostname="Bredlin" failures="0" tests="1" name="com.updaterecommendedleave.RecommendedApplicationsTest" time="12.808" errors="0" timestamp="2022-08-23T15:55:55 IST" skipped="0">
  <testcase classname="com.updaterecommendedleave.RecommendedApplicationsTest" name="updateLeaveTest" time="12.808"/>
  <system-out/>
</testsuite> <!-- com.updaterecommendedleave.RecommendedApplicationsTest -->
